
> painelApi@0.0.0 start /home/ubuntu/painelApi
> node ./bin/www

[0mGET /api/orcamento/cliente/1 [32m200 [0m52.878 ms - 590[0m
[0mGET /favicon.ico [33m404 [0m545.226 ms - 1642[0m
[0mGET /api/auth/vitor.diogo.live@hotmail.com/123 [32m200 [0m30.209 ms - 110[0m
[0mGET /api/auth/vitor.diogo.live@hotmail.com/123 [32m200 [0m7.601 ms - 110[0m
[0mGET /api/categorias/ [32m200 [0m6.851 ms - 98[0m
[0mGET /api/produtos/ [32m200 [0m14.989 ms - 8241[0m
[0mGET /api/produtos/73 [32m200 [0m5.129 ms - 163[0m
[0mGET /api/orcamento/cliente/1 [32m200 [0m3.444 ms - 590[0m
[0mGET /api/email/nome@hotmail.com [31m500 [0m73.808 ms - 1006[0m
[0mPUT /api/add/nome%20/sobrenome%20/nome@hotmail.com/123 [32m200 [0m44.595 ms - 49[0m
[0mGET /api/auth/nome@hotmail.com/123 [32m200 [0m2.428 ms - 109[0m
[0mGET /api/produtos/ [36m304 [0m3.663 ms - -[0m
[0mGET /api/categorias/ [36m304 [0m1.429 ms - -[0m
[0mGET /api/produtos [32m200 [0m15.042 ms - 8241[0m
[0mGET /favicon.ico [33m404 [0m49.947 ms - 1642[0m
[0mGET /email/[object%20Object] [33m404 [0m37.208 ms - 1642[0m
[0mGET /email/[object%20Object] [33m404 [0m24.097 ms - 1642[0m
[0mGET /email/[object%20Object] [33m404 [0m12.975 ms - 1642[0m
[0mGET /email/vitor.diogo.live@hotmail.com [33m404 [0m7.673 ms - 1642[0m
[0mGET /api/auth/vitor.diogo.live@hotmail.com/123 [36m304 [0m8.292 ms - -[0m
[0mGET /api/produtos/ [36m304 [0m4.884 ms - -[0m
[0mGET /api/categorias/ [36m304 [0m7.719 ms - -[0m
[0mGET /api/email/julianoalp@gmail.com [31m500 [0m20.062 ms - 1006[0m
[0mPUT /api/add/thigo/freitas/julianoalp@gmail.com/123 [32m200 [0m16.251 ms - 49[0m
[0mGET /api/auth/julianoalp@gmail.com/123 [32m200 [0m5.155 ms - 106[0m
[0mGET /api/produtos/ [36m304 [0m4.648 ms - -[0m
[0mGET /api/categorias/ [36m304 [0m1.699 ms - -[0m
[0mGET /api/produtos/28 [32m200 [0m1.571 ms - 144[0m
[0mGET /api/produtos/57 [32m200 [0m1.858 ms - 165[0m
[0mGET /api/produtos/73 [36m304 [0m1.738 ms - -[0m
[0mGET /api/produtos/108 [32m200 [0m2.802 ms - 148[0m
[0mGET /api/auth/julianoalp@gamil.com/123 [31m500 [0m25.760 ms - 1006[0m
[0mGET /api/auth/julianoalp@gamil.com/123 [31m500 [0m10.901 ms - 1006[0m
[0mGET /api/auth/julianoalp@gamil.com/123 [31m500 [0m10.666 ms - 1006[0m
[0mGET /api/auth/julianoalp@gmail.com/123 [36m304 [0m1.466 ms - -[0m
[0mGET /api/produtos/ [36m304 [0m3.146 ms - -[0m
[0mGET /api/orcamento/cliente/6 [32m200 [0m3.213 ms - 65[0m
[0mGET /api/produtos/110 [32m200 [0m1.599 ms - 156[0m
[0mGET /api/produtos/93 [32m200 [0m1.778 ms - 146[0m
[0mGET /api/produtos/115 [32m200 [0m1.319 ms - 151[0m
[0mGET /api/produtos/60 [32m200 [0m1.445 ms - 165[0m
[0mGET /api/produtos/47 [32m200 [0m5.360 ms - 163[0m
[0mGET /api/produtos/23 [32m200 [0m1.411 ms - 174[0m
[0mGET /api/orcamento/add/6/2017-01-14/2017-02-14/nosso%20bar/PENDENTE/franca/true [32m200 [0m20.349 ms - 79[0m
[0mPUT /api/itemOrcamento/add/23/25/10 [32m200 [0m3.779 ms - 49[0m
[0mGET /api/itensOrcamento/10 [32m200 [0m3.655 ms - 157[0m
[0mGET /api/produtos/detalhado [32m200 [0m8.042 ms - 13701[0m
[0mGET /api/categorias/ [32m200 [0m2.783 ms - 98[0m
[0mPUT /api/itemOrcamento/add/112/30/10 [32m200 [0m4.509 ms - 49[0m
[0mGET /api/itensOrcamento/10 [32m200 [0m2.782 ms - 257[0m
[0mPUT /api/orcamento/confirmar/10 [32m200 [0m2.969 ms - 52[0m
[0mGET /api/auth/vitor.diogo.live@hotmail.com/123 [36m304 [0m119.800 ms - -[0m
[0mGET /api/produtos/ [36m304 [0m28.897 ms - -[0m
[0mGET /api/categorias/ [36m304 [0m27.764 ms - -[0m
[0mGET /api/orcamento/cliente/1 [36m304 [0m5.769 ms - -[0m
[0mPUT /api/orcamento/ocultar/9 [32m200 [0m6.010 ms - 46[0m
[0mGET /api/orcamento/cliente/1 [32m200 [0m1.583 ms - 458[0m
[0mPUT /api/orcamento/ocultar/4 [32m200 [0m2.152 ms - 46[0m
[0mGET /api/orcamento/cliente/1 [32m200 [0m2.850 ms - 329[0m
[0mGET /api/produtos/62 [32m200 [0m1.873 ms - 164[0m
[0mGET /api/auth/vitor.diogo.live@hotmail.com/123 [36m304 [0m4.961 ms - -[0m
[0mGET /api/produtos/ [36m304 [0m2.984 ms - -[0m
[0mGET /api/categorias/ [36m304 [0m0.826 ms - -[0m
[0mGET /api/produtos [32m200 [0m22.559 ms - 8241[0m
[0mGET /favicon.ico [33m404 [0m36.905 ms - 1642[0m
[0mGET /api/auth/vitor.diogo.live@hotmail.com/123 [36m304 [0m26.571 ms - -[0m
[0mGET /api/produtos/ [36m304 [0m4.272 ms - -[0m
[0mGET /api/categorias/ [36m304 [0m0.827 ms - -[0m
[0mGET /api/auth/vitor.diogo.live@hotmail.com/123 [36m304 [0m14.808 ms - -[0m
[0mGET /api/produtos/ [36m304 [0m2.450 ms - -[0m
[0mGET /api/categorias/ [36m304 [0m1.341 ms - -[0m
[0mGET /api/auth/vitor.diogo.live@hotmail.com/123 [36m304 [0m5.285 ms - -[0m
[0mGET /api/produtos/ [36m304 [0m7.050 ms - -[0m
[0mGET /api/categorias/ [36m304 [0m9.881 ms - -[0m
[0mGET /api/auth/vitor.diogo.live@hotmail.com/123 [36m304 [0m9.039 ms - -[0m
[0mGET /api/produtos/ [36m304 [0m2.393 ms - -[0m
[0mGET /api/categorias/ [36m304 [0m0.776 ms - -[0m
[0mGET /api/auth/vitor.diogo.live@hotmail.com/123 [36m304 [0m5.106 ms - -[0m
[0mGET /api/produtos/ [36m304 [0m6.337 ms - -[0m
[0mGET /api/categorias/ [36m304 [0m0.790 ms - -[0m
[0mGET /api/auth/vitor.diogo.live@hotmail.com/asdsd [31m500 [0m15.038 ms - 1006[0m
[0mGET /api/auth/vitor.diogo.live@hotmail.com/1234 [31m500 [0m17.286 ms - 1006[0m
[0mGET /api/produtos [32m200 [0m118.284 ms - 8241[0m
[0mGET /favicon.ico [33m404 [0m63.156 ms - 1642[0m
[0mGET /api/auth/vitor.diogo.live@hotmail.com/123 [36m304 [0m8.529 ms - -[0m
[0mGET /api/produtos/ [36m304 [0m2.370 ms - -[0m
[0mGET /api/categorias/ [36m304 [0m13.353 ms - -[0m
[0mGET /api/auth/vitor.diogo.live@hotmail.com/123 [36m304 [0m5.274 ms - -[0m
[0mGET /api/produtos/ [36m304 [0m2.365 ms - -[0m
[0mGET /api/categorias/ [36m304 [0m1.330 ms - -[0m
[0mGET /api/auth/vitor.diogo.live@hotmail.com/123 [36m304 [0m8.284 ms - -[0m
[0mGET /api/produtos/ [36m304 [0m6.692 ms - -[0m
[0mGET /api/categorias/ [36m304 [0m1.269 ms - -[0m
[0mGET /api/email/vitor.diogo.live@gmail.com [31m500 [0m19.904 ms - 1006[0m
[0mOPTIONS /api/add/gmail/email/vitor.diogo.live@gmail.com/123 [32m200 [0m3.850 ms - 3[0m
[0mPUT /api/add/gmail/email/vitor.diogo.live@gmail.com/123 [32m200 [0m24.997 ms - 49[0m
[0mGET /api/email/vitor.diogo.live@hotmail.com [32m200 [0m9.683 ms - 69[0m
[0mGET /api/auth/vitor.diogo.live@hotmail.com/123 [32m200 [0m36.556 ms - 110[0m
[0mGET /api/produtos/ [32m200 [0m10.744 ms - 8241[0m
[0mGET /api/categorias/ [32m200 [0m1.332 ms - 98[0m
[0mGET /api/auth/vitor.diogo.live@hotmail.com/123 [36m304 [0m9.785 ms - -[0m
[0mGET /api/produtos/ [36m304 [0m12.203 ms - -[0m
[0mGET /api/categorias/ [36m304 [0m1.294 ms - -[0m
[0mGET /api/auth/vitor.diogo.live@hotmail.com/123 [36m304 [0m4.881 ms - -[0m
[0mGET /api/produtos/ [36m304 [0m2.326 ms - -[0m
[0mGET /api/categorias/ [36m304 [0m0.780 ms - -[0m
[0mGET /api/auth/vitor.diogo.live@hotmail.com/123 [36m304 [0m11.474 ms - -[0m
[0mGET /api/produtos/ [36m304 [0m2.464 ms - -[0m
[0mGET /api/categorias/ [36m304 [0m1.334 ms - -[0m
[0mGET /api/auth/vitor.diogo.live@hotmail.com/123 [36m304 [0m167.439 ms - -[0m
[0mGET /api/produtos/ [36m304 [0m23.652 ms - -[0m
[0mGET /api/categorias/ [36m304 [0m4.624 ms - -[0m
[0mGET /api/auth/vitor.diogo.live@hotmail.com/123 [36m304 [0m4.919 ms - -[0m
[0mGET /api/produtos/ [36m304 [0m2.474 ms - -[0m
[0mGET /api/categorias/ [36m304 [0m0.706 ms - -[0m
[0mGET /api/auth/vitor.diogo.live@hotmail.com/123 [36m304 [0m4.922 ms - -[0m
[0mGET /api/categorias/ [36m304 [0m1.255 ms - -[0m
[0mGET /api/produtos/ [36m304 [0m1.857 ms - -[0m
[0mGET /api/auth/vitor.diogo.live@hotmail.com/123 [36m304 [0m10.900 ms - -[0m
[0mGET /api/categorias/ [36m304 [0m1.234 ms - -[0m
[0mGET /api/produtos/ [36m304 [0m1.961 ms - -[0m
[0mGET /api/auth/vitor.diogo.live@hotmail.com/123 [36m304 [0m4.704 ms - -[0m
[0mGET /api/produtos/ [36m304 [0m2.390 ms - -[0m
[0mGET /api/categorias/ [36m304 [0m1.569 ms - -[0m
[0mGET /api/auth/vitor.diogo.live@hotmail.com/123 [36m304 [0m6.350 ms - -[0m
[0mGET /api/produtos/ [36m304 [0m2.631 ms - -[0m
[0mGET /api/categorias/ [36m304 [0m0.776 ms - -[0m
[0mGET /api/auth/vitor.diogo.live@hotmail.com/123 [36m304 [0m11.197 ms - -[0m
[0mGET /api/produtos/ [36m304 [0m2.419 ms - -[0m
[0mGET /api/categorias/ [36m304 [0m1.226 ms - -[0m
[0mGET /api/auth/vitor.diogo.live@hotmail.com/123 [36m304 [0m4.948 ms - -[0m
[0mGET /api/produtos/ [36m304 [0m10.942 ms - -[0m
[0mGET /api/categorias/ [36m304 [0m15.891 ms - -[0m
[0mGET /api/auth/vitor.diogo.live@hotmail.com/123 [36m304 [0m4.786 ms - -[0m
[0mGET /api/produtos/ [36m304 [0m2.295 ms - -[0m
[0mGET /api/categorias/ [36m304 [0m2.810 ms - -[0m
[0mGET /api/trocarSenha/1 [33m404 [0m26.093 ms - 1642[0m
[0mGET /api/auth/vitor.diogo.live@hotmail.com/123 [36m304 [0m4.920 ms - -[0m
[0mGET /api/categorias/ [36m304 [0m9.575 ms - -[0m
[0mGET /api/produtos/ [36m304 [0m10.176 ms - -[0m
[0mGET /api/auth/vitor.diogo.live@hotmail.com/123 [36m304 [0m34.219 ms - -[0m
[0mGET /api/produtos/ [36m304 [0m11.162 ms - -[0m
[0mGET /api/categorias/ [36m304 [0m3.077 ms - -[0m
[0mGET /api/auth/vitor.diogo.live@hotmail.com/123 [36m304 [0m5.254 ms - -[0m
[0mGET /api/produtos/ [36m304 [0m2.398 ms - -[0m
[0mGET /api/categorias/ [36m304 [0m1.226 ms - -[0m
[0mGET /api/auth/vitor.diogo.live@hotmail.com/123 [36m304 [0m6.135 ms - -[0m
[0mGET /api/produtos/ [36m304 [0m5.809 ms - -[0m
[0mGET /api/categorias/ [36m304 [0m1.227 ms - -[0m
[0mGET /api/auth/vitor.diogo.live@hotmail.com/123 [36m304 [0m1.774 ms - -[0m
[0mGET /api/produtos/ [36m304 [0m1.883 ms - -[0m
[0mGET /api/categorias/ [36m304 [0m1.013 ms - -[0m
[0mGET /api/auth/vitor.diogo.live@hotmail.com/123 [36m304 [0m10.764 ms - -[0m
[0mGET /api/produtos/ [36m304 [0m2.194 ms - -[0m
[0mGET /api/categorias/ [36m304 [0m0.772 ms - -[0m
[0mGET /api/auth/vitor.diogo.live@hotmail.com/123 [36m304 [0m5.142 ms - -[0m
[0mGET /api/produtos/ [36m304 [0m3.307 ms - -[0m
[0mGET /api/categorias/ [36m304 [0m1.336 ms - -[0m
[0mGET /api/auth/vitor.diogo.live@hotmail.com/123 [36m304 [0m5.600 ms - -[0m
[0mGET /api/produtos/ [36m304 [0m2.336 ms - -[0m
[0mGET /api/categorias/ [36m304 [0m1.261 ms - -[0m
[0mGET /api/auth/vitor.diogo.live@hotmail.com/123 [36m304 [0m4.843 ms - -[0m
[0mGET /api/produtos/ [36m304 [0m2.235 ms - -[0m
[0mGET /api/categorias/ [36m304 [0m1.257 ms - -[0m
[0mGET /api/auth/vitor.diogo.live@hotmail.com/123 [36m304 [0m1.229 ms - -[0m
[0mGET /api/produtos/ [36m304 [0m1.861 ms - -[0m
[0mGET /api/categorias/ [36m304 [0m2.084 ms - -[0m
[0mGET /api/orcamento/cliente/1 [32m200 [0m3.447 ms - 329[0m
[0mGET /api/auth/vitor.diogo.live@hotmail.com/123 [32m200 [0m6.113 ms - 110[0m
[0mGET /api/produtos/ [32m200 [0m2.303 ms - 8241[0m
[0mGET /api/categorias/ [32m200 [0m0.730 ms - 98[0m
[0mGET /api/trocarSenha/1 [33m404 [0m11.955 ms - 1642[0m
[0mGET /api/email/vitor.diogo.live@hotmail.com [32m200 [0m9.039 ms - 69[0m
[0mPUT /api/redefinirSenha/1/522403 [33m404 [0m9.220 ms - 1637[0m

> painelApi@0.0.0 start /home/ubuntu/painelApi
> node ./bin/www

[0mGET /api/auth/vitor.diogo.live@hotmail.com/123 [36m304 [0m1071.706 ms - -[0m
[0mGET /api/trocarSenha/1 [33m404 [0m373.575 ms - 1642[0m
[0mGET /api/produtos/ [36m304 [0m1164.134 ms - -[0m
[0mGET /api/categorias/ [36m304 [0m1533.715 ms - -[0m
Port 3000 is already in use

npm ERR! Linux 3.13.0-48-generic
npm ERR! argv "/root/.nvm/versions/node/v7.3.0/bin/node" "/root/.nvm/versions/node/v7.3.0/bin/npm" "start"
npm ERR! node v7.3.0
npm ERR! npm  v3.10.10
npm ERR! code ELIFECYCLE
npm ERR! painelApi@0.0.0 start: `node ./bin/www`
npm ERR! Exit status 1
npm ERR! 
npm ERR! Failed at the painelApi@0.0.0 start script 'node ./bin/www'.
npm ERR! Make sure you have the latest version of node.js and npm installed.
npm ERR! If you do, this is most likely a problem with the painelApi package,
npm ERR! not with npm itself.
npm ERR! Tell the author that this fails on your system:
npm ERR!     node ./bin/www
npm ERR! You can get information on how to open an issue for this project with:
npm ERR!     npm bugs painelApi
npm ERR! Or if that isn't available, you can get their info via:
npm ERR!     npm owner ls painelApi
npm ERR! There is likely additional logging output above.

[0mGET /api/orcamento/cliente/1 [32m200 [0m156.960 ms - 329[0m
npm ERR! Please include the following file with any support request:
npm ERR!     /home/ubuntu/painelApi/npm-debug.log
[0mGET /api/email/vitor.diogo.live@hotmail.com [36m304 [0m18.537 ms - -[0m
[0mPUT /api/redefinirSenha/1/522403 [33m404 [0m12.900 ms - 1637[0m

> painelApi@0.0.0 start /home/ubuntu/painelApi
> node ./bin/www

[0mGET /api/auth/vitor.diogo.live@hotmail.com/1234 [31m500 [0m1149.189 ms - 1006[0m
[0mGET /api/auth/vitor.diogo.live@hotmail.com/123 [31m500 [0m115.580 ms - 1006[0m
[0mGET /api/auth/vitor.diogo.live@hotmail.com/522403 [36m304 [0m5.981 ms - -[0m
[0mGET /api/produtos/ [36m304 [0m8.850 ms - -[0m
[0mGET /api/categorias/ [36m304 [0m2.051 ms - -[0m
[0mGET /api/trocarSenha/1 [32m200 [0m2.116 ms - 79[0m
[0mGET /api/orcamento/cliente/1 [36m304 [0m10.864 ms - -[0m
[0mGET /api/auth/vitor.diogo.live@hotmail.com/123 [31m500 [0m67.317 ms - 1006[0m
[0mGET /api/auth/vitor.diogo.live@hotmail.com/1234 [31m500 [0m38.441 ms - 1006[0m
